<?xml version="1.0" encoding="UTF-8"?>
<!-- Generated by org.testng.reporters.JUnitXMLReporter -->
<testsuite ignored="0" hostname="SeenaReddy" failures="0" tests="3" name="MySuite1.0_TestResults" time="39.923" errors="0" timestamp="2023-02-11T18:45:18 CST">
  <testcase classname="com.testscenarios.FBlogin" name="f" time="2.863"/>
  <testcase classname="com.testscenarios.JRI_Signin" name="f" time="8.989"/>
  <testcase classname="com.testscenarios.AmazonTest" name="f" time="28.035"/>
</testsuite> <!-- MySuite1.0_TestResults -->
