<?xml version="1.0" encoding="UTF-8"?>
<testng-results ignored="0" total="1" passed="1" failed="0" skipped="0">
  <reporter-output>
  </reporter-output>
  <suite started-at="2023-02-13T19:28:03 CST" name="Default suite" finished-at="2023-02-13T19:28:23 CST" duration-ms="19927">
    <groups>
    </groups>
    <test started-at="2023-02-13T19:28:03 CST" name="Default test" finished-at="2023-02-13T19:28:23 CST" duration-ms="19927">
      <class name="com.testscenarios.AlertHandle">
        <test-method is-config="true" signature="browserLaunch(java.lang.String)[pri:0, instance:com.testscenarios.AlertHandle@470734c3]" started-at="2023-02-13T19:28:03 CST" name="browserLaunch" finished-at="2023-02-13T19:28:07 CST" duration-ms="3354" status="PASS">
          <params>
            <param index="0">
              <value>
                <![CDATA[Firefox]]>
              </value>
            </param>
          </params>
          <reporter-output>
          </reporter-output>
        </test-method> <!-- browserLaunch -->
        <test-method signature="f()[pri:0, instance:com.testscenarios.AlertHandle@470734c3]" started-at="2023-02-13T19:28:07 CST" name="f" finished-at="2023-02-13T19:28:23 CST" duration-ms="16373" status="PASS">
          <reporter-output>
          </reporter-output>
        </test-method> <!-- f -->
        <test-method is-config="true" signature="takescreenshot(org.testng.ITestResult)[pri:0, instance:com.testscenarios.AlertHandle@470734c3]" started-at="2023-02-13T19:28:23 CST" name="takescreenshot" finished-at="2023-02-13T19:28:23 CST" duration-ms="163" status="PASS">
          <params>
            <param index="0">
              <value>
                <![CDATA[[TestResult name=f status=SUCCESS method=AlertHandle.f()[pri:0, instance:com.testscenarios.AlertHandle@470734c3] output={null}]]]>
              </value>
            </param>
          </params>
          <reporter-output>
          </reporter-output>
        </test-method> <!-- takescreenshot -->
      </class> <!-- com.testscenarios.AlertHandle -->
    </test> <!-- Default test -->
  </suite> <!-- Default suite -->
</testng-results>
