<?xml version="1.0" encoding="UTF-8"?>
<testng-results ignored="0" total="1" passed="1" failed="0" skipped="0">
  <reporter-output>
  </reporter-output>
  <suite started-at="2023-02-14T19:18:25 CST" name="Default suite" finished-at="2023-02-14T19:18:31 CST" duration-ms="6019">
    <groups>
    </groups>
    <test started-at="2023-02-14T19:18:25 CST" name="Default test" finished-at="2023-02-14T19:18:31 CST" duration-ms="6019">
      <class name="com.testscenarios.WaitsInSelenium">
        <test-method is-config="true" signature="browserLaunch(java.lang.String)[pri:0, instance:com.testscenarios.WaitsInSelenium@17f62e33]" started-at="2023-02-14T19:18:25 CST" name="browserLaunch" finished-at="2023-02-14T19:18:27 CST" duration-ms="2013" status="PASS">
          <params>
            <param index="0">
              <value>
                <![CDATA[Chrome]]>
              </value>
            </param>
          </params>
          <reporter-output>
          </reporter-output>
        </test-method> <!-- browserLaunch -->
        <test-method signature="f()[pri:0, instance:com.testscenarios.WaitsInSelenium@17f62e33]" started-at="2023-02-14T19:18:27 CST" name="f" finished-at="2023-02-14T19:18:31 CST" duration-ms="3789" status="PASS">
          <reporter-output>
          </reporter-output>
        </test-method> <!-- f -->
        <test-method is-config="true" signature="takescreenshot(org.testng.ITestResult)[pri:0, instance:com.testscenarios.WaitsInSelenium@17f62e33]" started-at="2023-02-14T19:18:31 CST" name="takescreenshot" finished-at="2023-02-14T19:18:31 CST" duration-ms="183" status="PASS">
          <params>
            <param index="0">
              <value>
                <![CDATA[[TestResult name=f status=SUCCESS method=WaitsInSelenium.f()[pri:0, instance:com.testscenarios.WaitsInSelenium@17f62e33] output={null}]]]>
              </value>
            </param>
          </params>
          <reporter-output>
          </reporter-output>
        </test-method> <!-- takescreenshot -->
      </class> <!-- com.testscenarios.WaitsInSelenium -->
    </test> <!-- Default test -->
  </suite> <!-- Default suite -->
</testng-results>
